[    0.000000] Initializing cgroup subsys cpuset
[    0.000000] Initializing cgroup subsys cpu
[    0.000000] Initializing cgroup subsys cpuacct
[    0.000000] Linux version 4.4.0-43-generic (buildd@lgw01-22) (gcc version 5.4.0 20160609 (Ubuntu 5.4.0-6ubuntu1~16.04.2) ) #63-Ubuntu SMP Wed Oct 12 13:48:03 UTC 2016 (Ubuntu 4.4.0-43.63-generic 4.4.21)
[    0.000000] Command line: BOOT_IMAGE=/boot/vmlinuz-4.4.0-43-generic root=LABEL=cloudimg-rootfs ro conslett1 console=ttyS0
[    0.000000] KERNEL supported cpus:
[    0.000000]   Intel GenuineIntel
[    0.000000]   AMD AheticAMD
[    0.000000]   Centaur CentaurHauls
[    0.000000] x86/fpu: xstate_offset[2]:  576, xstate_sizes[2]:  256
[    0.000000] x86/fpu: Supporting XSAVE feature 0x01: 'x87 floating point registers'
[    0.000000] x86/fpu: Supporting XSAVE feature 0x02: 'SSE registers'
[    0.000000] x86/fpu: Supporting XSAVE feature 0x04: 'AVX registers'
[    0.000000] x86/fpu: Enabled xstate features 0x7, context size is 832 bytes, using 'standard' format.
[    0.000000] x86/fpu: Using 'lazy' FPU context switches.
[    0.000000] e820: BIOS-provided physical RAM map:
[    0.000000] BIOS-e820: [mem 0x0000000000000000-0x000000000009fbff] usable
[    0.000000] BIOS-e820: [mem 0x000000000009fc00-0x000000000009ffff] reserved
[    0.000000] BIOS-e820: [mem 0x00000000000f0000-0x00000000000fffff] reserved
[    0.000000] BIOS-e820: [mem 0x0000000000100000-0x00000000dffeffff] usable
[    0.000000] BIOS-e820: [mem 0x00000000dfff0000-0x00000000dfffffff] ACPI data
[    0.000000] BIOS-e820: [mem 0x00000000fffc0000-0x00000000ffffffff] reserved
[    0.000000] BIOS-e820: [mem 0x0000000100000000-0x000000011fffffff] usable
[    0.000000] NX (Execute Disable) protection: active
[    0.000000] SMBIOS 2.5 present.
[    0.000000] Hypervisor detected: KVM
[    0.000000] e820: last_pfn = 0x120000 max_arch_pfn = 0x400000000
[    0.000000] MTRR: Disabled
[    0.000000] x86/PAT: MTRRs disabled, skipping PAT initialization too.
[    0.000000] x86/PAT: Configuration [0-7]: WB  WT  UC- UC  WB  WT  UC- UC  
[    0.000000] CPU MTRRs all blank - virtualized system.
[    0.000000] e820: last_pfn = 0xdfff0 max_arch_pfn = 0x400000000
[    0.000000] found SMP MP-table at [mem 0x0009fff0-0x0009ffff] mapped at [ffff88000009fff0]
[    0.000000] Scanning 1 areas for low memory corruption
[    0.000000] RAMDISK: [mem 0x36fd8000-0x377e3fff]
[    0.000000] ACPI: Early tabl checksum verification disabled
[    0.000000] ACPI: RSDP 0x00000000000E0000 000024 (v02 VBOX  )
[    0.000000] ACPI: XSDT 0x00000000DFFF0030 00003C (v01 VBOX   VBOXXSDT 00000001 ASL  00000061)
[    0.000000] ACPI: FACP 0x00000000DFFF00F0 0000F4 (v04 VBOX   VBOXFACP 00000001 ASL  00000061)
[    0.000000] ACPI: DSDT 0x00000000DFFF0470 002106 (v01 VBOX   VBOXBIOS 00000002 INTL 20140214)
[    0.000000] ACPI: FACS 0x00000000DFFF0200 000040
[    0.000000] ACPI: FACS 0x00000000DFFF0200 000040
[    0.000000] ACPI: APIC 0x00000000DFFF0240 00005C (v02 VBOX   VBOXAPIC 00000001 ASL  00000061)
[    0.000000] ACPI: SSDT 0x00000000DFFF02A0 0001CC (v01 VBOX   VBOXCPUT 00000002 INTL 20140214)
[    0.000000] No NUMA configuration found
[    0.000000] aking a node at [mem 0x0000000000000000-0x000000011fffffff]
[    0.000000] NODE_DATA(0) allocated [mem 0x11fff7000-0x11fffbfff]
[    0.000000] kvm-clock: Using msrs 4b564d01 and 4b564d00
[    0.000000] kvm-clock: cpu 0, msr 1:1fff3001, primary cpu clock
[    0.000000] kvm-clock: using sched offset of 3138709594 cycles
[    0.000000] clocksource: kvm-clock: mask: 0xffffffffffffffff max_cycles: 0x1cd42e4dffb, max_idle_ns: 881590591483 ns
[    0.000000] Zone ranges:
[    0.000000]   DMA      [mem 0x0000000000001000-0x0000000000ffffff]
[    0.000000]   DMA32    [mem 0x0000000001000000-0x00000000ffffffff]
[    0.000000]   Normal   [mem 0x0000000100000000-0x000000011fffffff]
[    0.000000]   Device   empty
[    0.000000] Movable zone start for each node
[    0.000000] Early memory node ranges
[    0.000000]   node   0: [mem 0x0000000000001000-0x000000000009efff]
[    0.000000]   node   0: [mem 0x000000000100000-0x00000000dffeffff]
[    0.000000]   node   0: [mem 0x0000000100000000-0x000000011fffffff]
[    0.000000] Initmem setup node 0 [mem 0x0000000000001000-0x000000011fffffff]
[    0.000000] ACPI: PM-Timer IO Port: 0x4008
[    0.000000] IOAPIC[0]: apic_id 2, version 17, address 0xfec00000, GSI 0-23
[    0.000000] ACPI: INT_SRC_OVR (bus 0 bus_irq 0 global_irq 2 dfl dfl)
[    0.000000] ACPI: INT_SRC_OVR (bus 0 bus_irq 9 global_irq 9 high level)
[    0.000000] Using ACPI (MADT) for SMP configuration information
[    0.0000]mpboot: Allowing 2 CPUs, 0 hotplug CPUs
[    0.000000] PM: Registered nosave memory: [mem 0x00000000-0x00000fff]
[    0.000000] PM: Registered nosave memory: [mem 0x0009f000-0x0009ffff]
[    0.000000] PM: Registered nosave memory: [mem 0x000a0000-0x000effff]
[    0.000000] PM: Registered nosave memory: [mem 0x000f0000-0x000fffff]
[    0.000000] PM: Registednosave memory: [mem 0xdfff0000-0xdfffffff]
[    0.000000] PM: Registered nosave memory: [mem 0xe0000000-0xffbffff
   0.000] PM: Registered nosave memory: [mem 0xfff00-0xffffffff]
[    0.000000] e820: [mem 0xe0000000-0xfffbffff] available for PCI devices
[    0.000000] Booting paravirtualized kernel on KVM
[    0.000000] clocksource: refined-jiffies: mask: 0xffffffff max_cycles: 0xffffffff, max_idle_ns: 7645519600211568 ns
[    0.000000] setup_percpu: NR_CPUS:256 nr_cpumask_bits:256 nr_cpu_ids:2 nr_node_ids:1
[    0.000000] PERCPU: Embedded 33 pages/cpu @ffff88011fc00000 s98008 r8192 d28968 u1048576
[    0.000000] PV qspinlock hash table entries: 256 (order: 0, 4096 bytes)
[    0.000000] Built 1 zonelists in Node order, mobility grouping on.  Total pages: 1032057
[    0.000000] Policy zone: Normal
[    0.000000] Kernel command line: BOOT_IMAGE=/boot/vmlinuz-4.4.0-43-generic root=LABEL=cloudimg-rootfs ro console=tty1 console=ttyS0
[    0.000000] PID hash table entries: 4096 (order: 3, 32768 bytes)
[    0.000000] Memory: 4034908K/4193848K available (8409K kernel code, 1283K rwdata, 3944K rodata, 1480K init, 1292K bss, 158940K reserved, 0K cma-reserved)
[    0.000000] SLUB: HWalign=64, Order=0-3, MinObjects=0, CPUs=2, Nodes=1
[    0.000000] Hierarchical RCU implementatin.
[    0.000000] 	Build-time adjustment of leaf fanout to 64.
[    0.000000] 	RCU restricting CPUs from NR_CPUS=256 to nr_cpu_ids=2.
[    0.00000] CU: Adjusting gometry for rcu_fanout_leaf=64, nr_cpu_ids=2
[    0.000000] NR_IRQS:16640 nr_irqs:440 16
[    0.0000]Console: colour VGA+ 80x25
[   .00000] console [tty1] enabled
[    0.000000] console [ttyS0] enabled
[    0.000000] tsc: Detected 2294.770 MHz processor
[    3.390706] Calibrating delay loop (skipped) preset value.. 4589.54 BogoMIPS (lpj=9179080)
[    3.392206] pid_max: default: 32768 minimum: 301
[    3.393000] ACPI: Core revision 20150930
[    3.394671] ACPI: 2 ACPI AML tables successfully acquired and loaded
[    3.395828] Security Framework initialized
[    3.396558] Yama: becoming mindful.
[    3.397228] AppArmor: AppArmor initialized
[    3.401684] Dentry cache hash table entries: 524288 (order: 10, 4194304 bytes)
[    3.424590] Inode-cache hash table entries: 262144 (order: 9, 2097152 bytes)
[    3.491192] Mount-cache hash table entries: 8192 (order: 4, 65536 bytes)
[    3.514908] Mountpoint-cache hash table entries: 8192 (order: 4, 65536 bytes)
[    3.516765] Initializing cgroup subsys io
[    3.570586] Initializing cgroup subsys memory
[    3.596792] Initializing cgroup subsys devices
[    3.600690] Initializing cgroup subsys freezer
[    3.623394] Initializing cgroup subsys net_cls
[    3.709122] Initializing cgroup subsys perf_event
[    3.736738] Initializing cgroup subsys net_prio
[    3.738290] Initializing cgroup subsys hugetlb
[    3.771844] Initializing cgroup subsys pids
[    3.772667] CPU: Physical Processor ID: 0
[    3.773386] CPU: Processor Core ID: 0
[    3.797055] mce: CPU supports 0 MCE banks
[    3.855777] Last level iTLB entries: 4KB 64, 2MB 8, 4MB 8
[    3.908769] Last level dTLB entries: 4KB 64, 2MB 0, 4MB 0, 1GB 4
[    3.962513] Freeing SMP alternatives memory: 32K (ffffffff820b4000 - ffffffff820bc000)
[    4.041632] ftrace: allocating 32007 entries in 126 pages
[    4.132178] smpboot: Max logical packages: 1
[    4.163299] smpboot: APIC(0) Converting physical 0 to logical package 0
[    4.242306] ..TIMER: vector=0x30 apic1=0 pin1=2 apic2=-1 pin2=-1
[    4.351012] smpboot: CPU0: Intel(R) Core(TM) i5-5300U CPU @ 2.30GHz (family: 0x6, model: 0x3d, stepping: 0x4)
[    4.468245] Performance Events: unsupported p6 CPU model 61 no PMU driver, software events only.
[    4.471711] KVM setup paravirtual spinlock
[    4.474477] x86: Booting SMP configuration:
[    4.507914] .... node  #0, CPUs:      #1
[    4.532216] kvm-clock: cpu 1, msr 1:1fff3041, secondary cpu clock
[    4.534058] mce: CPU supports 0 MCE banks
[    4.538114] x86: Booted up 1 node, 2 CPUs
[    4.548547] smpboot: Total of 2 processors activated (9179.08 BogoMIPS)
[    4.550603] devtmpfs: initialized
[    4.577833] evm: security.selinux
[    4.608777] evm: security.SMACK64
[    4.619767] evm: security.SMACK64EXEC
[    4.628147] evm: security.SMACK64TRANSMUTE
[    4.629206] evm: security.SMACK64MMAP
[    4.659002] evm: security.ima
[    4.668267] evm: security.capability
[    4.684704] clocksource: jiffies: mask: 0xffffffff max_cycles: 0xffffffff, max_idle_ns: 7645041785100000 ns
[    4.780210] pinctrl core: initialized pinctrl subsystem
[    4.834973] RTC time:  8:11:07, date: 10/19/16
[    4.885205] NET: Registered protocol family 16
[    4.919175] cpuidle: using governor ladder
[    4.931277] cpuidle: using governor menu
[    4.964452] PCCT header not found.
[    4.965904] ACPI: bus type PCI registered
[    4.968023] acpiphp: ACPI Hot Plug PCI Controller Driver version: 0.5
[    4.977437] PCI: Using configuration type 1 for base access
[    4.992648] ACPI: Added _OSI(Module Device)
[    4.998810] ACPI: Added _OSI(Processor Device)
[    4.999728] ACPI: Added _OSI(3.0 _SCP Extensions)
[    5.000664] ACPI: Added _OSI(Processor Aggregator Device)
[    5.002384] ACPI: Executed 1 blocks of module-level executable AML code
[    5.017480] ACPI: Interpreter enabled
[    5.019437] ACPI Exception: AE_NOT_FOUND, While evaluating Sleep State [\_S1_] (20150930/hwxface-580)
[    5.031099] ACPI Exception: AE_NOT_FOUND, While evaluating Sleep State [\_S2_] (20150930/hwxface-580)
[    5.033020] ACPI Exception: AE_NOT_FOUND, While evaluating Sleep State [\_S3_] (20150930/hwxface-580)
[    5.094943] ACPI Exception: AE_NOT_FOUND, While evaluating Sleep State [\_S4_] (20150930/hwxface-580)
[    5.096581] ACPI: (supports S0 S5)
[    5.097227] ACPI: Using IOAPIC for interrupt routing
[    5.098248] PCI: Using host bridge windows from ACPI; if necessary, use "pci=nocrs" and report a bug
[    5.175944] ACPI: PCI Root Bridge [PCI0] (domain 0000 [bus 00-ff])
[    5.200394] acpi PNP0A03:00: _OSC: OS supports [ASPM ClockPM Segments MSI]
[    5.201465] acpi PNP0A03:00: _OSC failed (AE_NOT_FOUND); disabling ASPM
[    5.234136] acpi PNP0A03:00: fail to add MMCONFIG information, can't access extended PCI configuration space under this bridge.
[    5.321051] PCI host bridge to bus 0000:00
[    5.336214] pci_bus 0000:00: root bus resource [io  0x0000-0x0cf7 window]
[    5.337519] pci_bus 0000:00: root bus resource [io  0x0d00-0xffff window]
[    5.344513] pci_bus 0000:00: root bus resource [mem 0x000a0000-0x000bffff window]
[    5.352433] pci_bus 0000:00: root bus resource [mem 0xe0000000-0xffdfffff window]
[    5.436331] pci_bus 0000:00: root bus resource [bus 00-ff]
[    5.476416] pci 0000:00:01.1: legacy IDE quirk: reg 0x10: [io  0x01f0-0x01f7]
[    5.572272] pci 0000:00:01.1: legacy IDE quirk: reg 0x14: [io  0x03f6]
[    5.580206] pci 0000:00:01.1: legacy IDE quirk: reg 0x18: [io  0x0170-0x0177]
[    5.638132] pci 0000:00:01.1: legacy IDE quirk: reg 0x1c: [io  0x0376]
[    5.757279] ACPI: PCI Interrupt Link [LNKA] (IRQs 5 9 10 11) *0, disabled.
[    5.791189] ACPI: PCI Interrupt Link [LNKB] (IRQs 5 9 10 *11)
[    5.815834] ACPI: PCI Interrupt Link [LNKC] (IRQs 5 9 *10 11)
[    5.847637] ACPI: PCI Interrupt Link [LNKD] (IRQs 5 *9 10 11)
[    5.882881] ACPI: Enabled 2 GPEs in block 00 to 07
[    5.908785] vgaarb: setting as boot device: PCI:0000:00:02.0
[    5.943305] vgaarb: device added: PCI:0000:00:02.0,decodes=io+mem,owns=io+mem,locks=none
[    5.948450] vgaarb: loaded
[    5.949106] vgaarb: bridge control possible 0000:00:02.0
[    5.950400] SCSI subsystem initialized
[    5.957738] ACPI: bus type USB registered
[    5.959709] usbcore: registered new interface driver usbfs
[    5.960816] usbcore: registered new interface driver hub
[    5.961939] usbcore: registered new device driver usb
[    5.964422] PCI: Using ACPI for IRQ routing
[    5.966827] NetLabel: Initializing
[    5.975748] NetLabel:  domain hash size = 128
[    5.976635] NetLabel:  protocols = UNLABELED CIPSOv4
[    5.977632] NetLabel:  unlabeled traffic allowed by default
[    5.978922] amd_nb: Cannot enumerate AMD northbridges
[    5.994548] clocksource: Switched to clocksource kvm-clock
[    6.003030] AppArmor: AppArmor Filesystem Enabled
[   .009393 pp:PnP ACI ni
[   .290 p: P PI fnd3 evce
[    6.692918] clocksource: acpi_pm: mask: 0xffffff max_cycles: 0xffffff, max_idle_ns: 2085701024 ns
[    6.870831] NET: Registered protocol family 2
[    6.901000] TCP established hash table entries: 32768 (order: 6, 262144 bytes)
[    6.911637] TCP bind hash table entries: 32768 (order: 7, 524288 bytes)
[    6.951735] TCP: Hash tables configured (established 32768 bind 32768)
[    6.980706] UDP hash table entries: 2048 (order: 4, 65536 bytes)
[    7.000958] UDP-Lite hash table entries: 2048 (order: 4, 65536 bytes)
[    7.002114] NET: Registered protocol family 1
[    7.040830] pci 0000:00:00.0: Limiting direct PCI/PCI transfers
[    7.080927] pci 0000:00:01.0: Activating ISA DMA hang workarounds
[    7.082015] Trying to unpack rootfs image as initramfs...
[    8.647445] Freeing initrd memory: 8240K (ffff880036fd8000 - ffff8800377e4000)
[    8.680879] PCI-DMA: Using software bounce buffering for IO (SWIOTLB)
[    8.683156] software IO TLB [mem 0xdbff0000-0xdfff0000] (64MB) mapped at [ffff8800dbff0000-ffff8800dffeffff]
[    8.692259] RAPL PMU detected, API unit is 2^-32 Joules, 4 fixed counters 10737418240 ms ovfl timer
[    8.694494] hw unit of domain pp0-core 2^-0 Joules
[    8.696641] hw unit of domain package 2^-0 Joules
[    8.914324] hw unit of domain dram 2^-0 Joules
[    8.931154] hw unit of domain pp1-gpu 2^-0 Joules
[    8.932423] platform rtc_cmos: registered platform RTC device (no PNP device found)
[    8.934486] Scanning for low memory corruption every 60 seconds
[    8.936418] futex hash table entries: 512 (order: 3, 32768 bytes)
[    8.970700] audit: initializing netlink subsys (disabled)
[    9.040651] audit: type=2000 audit(1476864671.824:1): initialized
[    9.071250] Initialise system trusted keyring
[    9.072750] HugeTLB registered 2 MB page size, pre-allocated 0 pages
[    9.162180] zbud: loaded
[    9.171572] VFS: Disk quotas dquot_6.6.0
[   1725] VS:qut-ch hh ab etres: 512 (order 0, 4096 bytes)
[   9501]qushfs: version 4.0 (2009/01/31) Phillip Lougher
[    9.881600] fuse init (API version 7.23)
[    9.940771] tsc: Refined TSC clocksource calibration: 2293.068 MHz
[   10.060751] clocksource: tsc: mask: 0xffffffffffffffff max_cycles: 0x210da0b4b24, max_idle_ns: 440795230179 ns
[   10.121766] Key type big_key registered
[   10.240553] Allocating IMA MOK and blacklist keyrings.
[   10.244160] Key type asymmetric registered
[   10.261107] Asymmetric key parser 'x509' registered
[   10.262423] Block layer SCSI generic (bsg) driver version 0.4 loaded (major 249)
[   10.264549] io scheduler noop registered
[   10.265632] io scheduler deadline registered (default)
[   10.418710] io scheduler cfq registered
[   10.419947] pci_hotplug: PCI Hot Plug PCI Core version: 0.5
[   10.421290] pciehp: PCI Express Hot Plug Controller Driver version: 0.4
[   10.614339] ACPI: AC Adapter [AC] (off-line)
[   10.620767] input: Power Button as /devices/LNXSYSTM:00/LNXPWRBN:00/input/input0
[   10.625325] ACPI: Power Button [PWRF]
[   10.766164] input: Sleep Button as /devices/LNXSYSTM:00/LNXSLPBN:00/input/input1
[   11.041089] ACPI: Sleep Button [SLPF]
[   11.060901] GHES: HEST is not enabled!
[   11.061953] ACPI: Battery Slot [BAT0] (battery present)
[   11.076185] Serial: 8250/16550 driver, 32 ports, IRQ sharing enabled
[   11.102549] 00:02: ttyS0 at I/O 0x3f8 (irq = 4, base_baud = 115200) is a 16550A
[   11.232147] Linux agpgart interface v0.103
[   11.316693] brd: module loaded
[   11.354961] loop: module loaded
[   11.371740] scsi host0: ata_piix
[   11.381098] scsi host1: ata_piix
[   11.453013] ata1: PATA max UDMA/33 cmd 0x1f0 ctl 0x3f6 bmdma 0xd000 irq 14
[   11.511006] ata2: PATA max UDMA/33 cmd 0x170 ctl 0x376 bmdma 0xd008 irq 15
[   11.600867] libphy: Fixed MDIO Bus: probed
[   11.620810] tun: Universal TUN/TAP device driver, 1.6
[   11.649908] tun: (C) 1999-2004 Max Krasnyansky <maxk@qualcomm.com>
[   11.661352] PPP generic driver version 2.4.2
[   11.670971] ehci_hcd: USB 2.0 'Enhanced' Host Controller (EHCI) Driver
[   11.675924] ehci-pci: EHCI PCI platform driver
[   11.680308] ehci-platform: EHCI generic platform driver
[   11.690697] ohci_hcd: USB 1.1 'Open' Host Controller (OHCI) Driver
[   11.692079] ohci-pci: OHCI PCI platform driver
[   11.745250] ohci-platform: OHCI generic platform driver
[   11.754276] uhci_hcd: USB Universal Host Controller Interface driver
[   11.764349] i8042: PNP: PS/2 Controller [PNP0303:PS2K,PNP0f03:PS2M] at 0x60,0x64 irq 1,12
[   11.772558] serio: i8042 KBD port at 0x60,0x64 irq 1
[   11.801068] serio: i8042 AUX port at 0x60,0x64 irq 12
[   11.850791] mousedev: PS/2 mouse device common for all mice
[   11.920758] rtc_cmos rtc_cmos: rtc core: registered rtc_cmos as rtc0
[   12.040604] input: AT Translated Set 2 keyboard as /devices/platform/i8042/serio0/input/input2
[   12044723] rtc_cmos rtc_cmos: arm utoone day, 114 bytes nvram
[   12.250532] i2c /dev entries driver
[ 12320426] devic-mppr:evt:vesin 0.3

[   12.695888] device-mapper: ioctl: 4.34.0-ioctl (2015-10-28) initialised: dm-devel@redhat.com
[   12.703783] ledtrig-cpu: registered to indicate activity on CPUs
[   12.811206]NNET: Registered protocol family 10
[   12.862704] NET: Registered protocol family 17
[   12.863854] Key type dns_resolver registered

[   12.989528] microcode: CPU0 sig=0x306d4, pf=0x40, revision=0x0
[   13.131617] microcode: CPU1 sig=0x306d4, pf=0x40, revision=0x0
[   13.280637] microcode: Microcode Update Driver: v2.01 <tigran@aivazian.fsnet.co.uk>, Peter Oruba
[   13.282291] registered taskstats version 1
[   13.283075] Loading compiled-in X.509 certificates
[   13.284557] Loaded X.509 cert 'Build time autogenerated kernel key: d76179dc6bbadd817ec29258d181eadabda602cb'
[   13.382221] zswap: loaded using pool lzo/zbud
[   13.387725] Key type trusted registered
[   13.407849] Key type encrypted registered
[   13.440342] AppArmor: AppArmor sha1 policy hashing enabled
[   13.540620] ima: No TPM chip found, activating TPM-bypass!
[   13.560800] evm: HMAC attrs: 0x1
[   13.600680]   Magic number: 4:914:169
[   13.601484] rtc_cmos rtc_cmos: setting system clock to 2016-10-19 08:11:16 UTC (1476864676)
[   13.605217] BIOS EDD facility v0.16 2004-Jun-25, 0 devices found
[   13.606176] EDD information not available.
[   13.608425] Freeing unused kernel memory: 1480K (ffffffff81f42000 - ffffffff820b4000)
[   13.930695] Write protecting the kernel read-only data: 14336k
[   14.021330] Freeing unused kernel memory: 1820K (ffff880001839000 - ffff880001a00000)
[   14.182749] Freeing unused kernel memory: 152K (ffff880001dda000 - ffff880001e00000)
Loading, please wait...
starting version[   14.243167] random: systemd-udevd: uninitialized urandom read (16 bytes read, 5 bits of entropy available)
 229
[   14.244083] random: udevadm: uninitialized urandom read (16 bytes read, 5 bits of entropy available)
[   14.244133] random: udevadm: uninitialized urandom read (16 bytes read, 5 bits of entropy available)
[   14.244319] random: udevadm: uninitialized urandom read (16 bytes read, 5 bits of entropy available)
[   14.244381] random: udevadm: uninitialized urandom read (16 bytes read, 5 bits of entropy available)
[   14.244450] random: udevadm: uninitialized urandom read (16 bytes read, 5 bits of entropy available)
[   14.244514] random: udevadm: uninitialized urandom read (16 bytes read, 5 bits of entropy available)
[   14.244572] random: udevadm: uninitialized urandom read (16 bytes read, 5 bits of entropy available)
[   14.244633] random: udevadm: uninitialized urandom read (16 bytes read, 5 bits of entropy available)
[   14.244691] random: udevadm: uninitialized urandom read (16 bytes read, 5 bits of entropy available)
[   14.621965] e1000: Intel(R) PRO/1000 Network Driver - version 7.3.21-k8-NAPI
[   14.628681] e1000: Copyright (c) 1999-2006 Intel Corporation.
[   14.631951] Fusion MPT base driver 3.04.20
[   14.646438] Copyright (c) 1999-2008 LSI Corporation
[   14.721014] AVX version of gcm_enc/dec engaged.
[   14.768499] AES CTR mode by8 optimization enabled
[   14.800821] Fusion MPT SPI Host driver 3.04.20
[   14.851983] input: ImExPS/2 Generic Explorer Mouse as /devices/platform/i8042/serio1/input/input4
[   15.137206] e1000 0000:00:03.0 eth0: (PCI:33MHz:32-bit) 02:3b:10:fe:82:8d
[   15.155370] e1000 0000:00:03.0 eth0: Intel(R) PRO/1000 Network Connection
[   15.157281] mptbase: ioc0: Initiating bringup
[   15.158020] e1000 0000:00:03.0 enp0s3: renamed from eth0
[   15.230047] ioc0: LSI53C1030 A0: Capabilities={Initiator}
[   16.854399] scsi host2: ioc0: LSI53C1030 A0, FwRev=00000000h, Ports=1, MaxQ=256, IRQ=20
[   17.243752] scsi 2:0:0:0: Direct-Access     VBOX     HARDDISK         1.0  PQ: 0 ANSI: 5
[   17.340758] scsi target2:0:0: Beginning Domain Validation
[   17.382563] scsi target2:0:0: Domain Validation skipping write tests
[   17.530893] scsi target2:0:0: Ending Domain Validation
[   17.590464] scsi target2:0:0: asynchronous
[   17.591781] scsi 2:0:1:0: Direct-Access     VBOX     HARDDISK         1.0  PQ: 0 ANSI: 5
[   17.621841] scsi target2:0:1: Beginning Domain Validation
[   17.624711] scsi target2:0:1: Domain Validation skipping write tests
[   17.709827] floppy0: no floppy controllers found
[   17.709880] work still pending
[   17.732284] scsi target2:0:1: Ending Domain Validation
[   17.733518] scsi target2:0:1: asynchronous
[   17.745654] sd 2:0:0:0: Attached scsi generic sg0 type 0
[   17.760903] sd 2:0:0:0: [sda] 20971520 512-byte logical blocks: (10.7 GB/10.0 GiB)
[   17.763809] sd 2:0:1:0: Attached scsi generic sg1 type 0
[   17.771917] sd 2:0:1:0: [sdb] 20480 512-byte logical blocks: (10.5 MB/10.0 MiB)
[   17.771976] sd 2:0:0:0: [sda] Write Protect is off
[   17.772056] sd 2:0:0:0: [sda] Incomplete mode parameter data
[   17.772057] sd 2:0:0:0: [sda] Assuming drive cache: write through
[   17.784112]  sda: sda1
[   17.785152] sd 2:0:0:0: [sda] Attached SCSI disk
[   17.924312] sd 2:0:1:0: [sdb] Write Protect is off
[   18.040669] sd 2:0:1:0: [sdb] Incomplete mode parameter data
[   18.111132] sd 2:0:1:0: [sdb] Assuming drive cache: write through
[   18.115658] sd 2:0:1:0: [sdb] Attached SCSI disk
Begin: Loading e[   19.555368] md: linear personality registered for level -1
ssential drivers ... [   19.561571] md: multipath personality registered for level -4
[   19.575970] md: raid0 personality registered for level 0
[   19.628027] md: raid1 personality registered for level 1
[   19.729870] raid6: sse2x1   gen()  8048 MB/s
[   19.829720] raid6: sse2x1   xor()  5815 MB/s
[   19.973331] raid6: sse2x2   gen()  8516 MB/s
[   20.123159] raid6: sse2x2   xor()  5999 MB/s
[   20.201311] raid6: sse2x4   gen()  8678 MB/s
[   20.369687] raid6: sse2x4   xor()  7231 MB/s
[   20.390401] raid6: using algorithm sse2x4 gen() 8678 MB/s
[   20.410695] raid6: .... xor() 7231 MB/s, rmw enabled
[   20.411883] raid6: using ssse3x2 recovery algorithm
[   20.418875] xor: automatically using best checksumming function:
[   20.470590]    avx       : 17564.000 MB/sec
[   20.536745] async_tx: api initialized (async)
[   20.604561] md: raid6 personality registered for level 6
[   20.615456] md: raid5 personality registered for level 5
[   20.616334] md: raid4 personality registered for level 4
[   20.622549] md: raid10 personality registered for level 10
done.
Begin: Running /scripts/init-premount ... done.
Begin: Mounting root file system ... Begin: Running /scripts/local-top ... done.
Begin: Running /scripts/local-premount ... [   20.670597] Btrfs loaded
Scanning for Btrfs filesystems
done.
Warning: fsck no[   20.743521] EXT4-fs (sda1): mounted filesystem with ordered data mode. Opts: (null)
t present, so skipping root file system
done.
Begin: Running /scripts/local-bottom ... done.
Begin: Running /scripts/init-bottom ... Warning: overlayroot: debug is busted
done.
[   20.923274] systemd[1]: systemd 229 running in system mode. (+PAM +AUDIT +SELINUX +IMA +APPARMOR +SMACK +SYSVINIT +UTMP +LIBCRYPTSETUP +GCRYPT +GNUTLS +ACL +XZ -LZ4 +SECCOMP +BLKID +ELFUTILS +KMOD -IDN)
[   20.953106] systemd[1]: Detected virtualization oracle.
[   20.954283] systemd[1]: Detected architecture x86-64.

Welcome to [1mUbuntu 16.04.1 LTS[0m!

[   20.96494] ysem1] S hstame to <ubuntu>.
[   21.251068] systemd[1]: Initializing machine ID from random generator.
[   21.268370] systemd[1]: Installed transient /etc/machine-id file.
[   21.395114] systemd[1]: Listening on LVM2 metadata daemon socket.
[[0;32m  OK  [0m] Listening on LVM2 metadata daemon socket.
[   1.420]syemd[1]: Reached target Swap.
[[0;32m  OK  [0m] Reached target Swap.
[   21.679401] systemd[1]: Set up automount Arbitrary Executable File Formats File System Automount Point.
[[0;32m  OK  [0m] Set up automount Arbitrary Executab...ats File System Automount Point.
[  21.696022] systemd[1]: Listening on Journal Socket.

[[0;32m  OK  [0m] Listening on Journal Socket.
[  2756072] systemd[1]: Staredorar Pssor Rqust t WllDirectory Watch.

[[0;32m  OK  [0m] Started Forward Password Requests to Wall Directory Watch.
[   22.228134] systemd[1]: Listening on Syslog Socket.
[[0;32m  OK  [0m] Listening on Syslog Socket.
[   22.294442] systemd[1]: Listening on udev Control Socket.
[[0;32m  OK  [0m] Listening on udev Control Socket.
[   22.303442] systemd[1]: Listening on LVM2 poll daemon socket.
[[0;32m  OK  [0m] Listening on LVM2 poll daemon socket.
[   22.320885] systemd[1]: Created slice User and Session Slice.
[[0;32m  OK  [0m] Created slice User and Session Slice.
[   22.333607] systemd[1]: Listening on udev Kernel Socket.
[[0;32m  OK  [0m] Listening on udev Kernel Socket.
[   22.338332] systemd[1]: Reached target Encrypted Volumes.
[[0;32m  OK  [0m] Reached target Encrypted Volumes.
[   22.342866] systemd[1]: Created slice System Slice.
[[0;32m  OK  [0m] Created slice System Slice.
[   22.435385] systemd[1]: Starting Set console keymap...
         Starting Set console keymap...
[   22.491898] systemd[1]: Mounting POSIX Message Queue File System...
         Mounting POSIX Message Queue File System...
[   22.566817] systemd[1]: Mounting Debug File System...
         Mounting Debug File System...
[   22.590174] systemd[1]: Reached target Slices.
[[0;32m  OK  [0m] Reached target Slices.
[   22.593320] systemd[1]: Starting Create list of required static device nodes for the current kernel...
[   22.594264] random: nonblocking pool is initialized
         Starting Create list of required st... nodes for the current kernel...
[   22.817553] systemd[1]: Starting Load Kernel Modules...
         Startin[   22.825427] Loading iSCSI transport class v2.0-870.
g Load Kernel Modules...
[   22.913996] iscsi: registered transport (tcp)
[   22.931708] systemd[1]: Created slice system-serial\x2dgetty.slice.
[[0;32m  OK  [0m] Created slice system-serial\x2dgetty.slice.
[   22.982726] systemd[1]: Starting Nameserver information manager...
         Starting Nameserver information manager...
[   23.038223] systemd[1]: Listening on Device-mapper event daemon FIFOs.
[   23.038262] iscsi: registered transport (iser)
[[0;32m  OK  [0m] Listening on Device-mapper event daemon FIFOs.
[   23.087922] systemd[1]: Mounting Huge Pages File System...
         Mounting Huge Pages File System...
[  2.1083] systemd[1]: Reached target User and Group Name Lookups.
[[0;32m  OK  [0m] Reached target User and Group Name Lookups.
[   23.221032] systemd[1]: Listening on Journal Audit Socket.
[[0;32m  OK  [0m] Listening on Journal Audit Socket.
[   23.224952] systemd[1]: Listening on Journal Socket (/dev/log).
[[0;32m  OK  [0m] Listening on Journal Socket (/dev/log).
[   23.250843] systemd[1]: Starting Uncomplicated firewall...
         Starting Uncomplicated firewall...
[   23.299392] systemd[1]: Starting Journal Service...
         Starting Journal Service...
[   23.330968] systemd[1]: Starting Monitoring of LVM2 mirrors, snapshots etc. using dmeventd or progress polling...
         Starting Monitoring of LVM2 mirrors... dmeventd or progress polling...
[   23.399171] systemd[1]: Listening on /dev/initctl Compatibility Named Pipe.
[[0;32m  OK  [0m] Listening on /dev/initctl Compatibility Named Pipe.
[   23.458874] systemd[1]: Starting Remount Root and Kernel File Systems...
[   23.462614] EXT4-fs (sda1): re-mounted. Opts: (null)
         Starting Remount Root and Kernel File Systems...
[   23.584206] systemd[1]: Mounted Debug File System.
[[0;32m  OK  [0m] Mounted Debug File System.
[   23.621630] systemd[1]: Mounted Huge Pages File System.
[[0;32m  OK  [0m] Mounted Huge Pages File System.
[   23.744928] systemd[1]: Mounted POSIX Message Queue File System.
[[0;32m  OK  [0m] Mounted POSIX Message Queue File System.
[   23.846905] systemd[1]: Started Journal Service.
[[0;32m  OK  [0m] Started Journal Service.
[[0;32m  OK  [0m] Started Set console keymap.
[[0;32m  OK  [0m] Started Create list of required sta...ce nodes for the current kernel.
[[0;32m  OK  [0m] Started Load Kernel Modules.
[[0;32m  OK  [0m] Started Uncomplicated firewall.
[[0;32m  OK  [0m] Started Remount Root and Kernel File Systems.
[[0;32m  OK  [0m] Started Nameserver information manager.
[[0;32m  OK  [0m] Started LVM2 metadata daemon.
         Starting Load/Save Random Seed...
         Starting udev Coldplug all Devices...
         Mounting FUSE Control File System...
         Starting Apply Kernel Variables...
         Starting Create Static Device Nodes in /dev...
         Starting Flush Journal to Persistent Storage...
[[0;32m  OK  [0m] Mounted FUSE Control File System.
[[0;32m  OK  [0m] Started Load/Save Random Seed.
[[0;32m  OK  [0m] Started Apply Kernel Variables.
[[0;32m  OK  [0m] Started Create Static Device Nodes in /dev.
[[0;32m  OK  [0m] Started udev Coldplug all Devices.
[[0;32m  OK  [0m] Started Flush Journal to Persistent Storage.
         Starting udev Kernel Device Manager...
[[0;32m  OK  [0m] Started udev Kernel Device Manager.
[[0;32m  OK  [0m] Started Monitoring of LVM2 mirrors,...ng dmeventd or progress polling.
[[0;32m  OK  [0m] Reached target Local File Systems (Pre).
[[0;32m  OK  [0m] Reached target Local File Systems.
         Starting Initial cloud-init job (pre-networking)...
         Starting Run snappy firstboot setup...
         Starting Tell Plymouth To Write Out Runtime Data...
         Starting Set console font and keymap...
         Starting LSB: AppArmor initialization...
         Starting Commit a transient machine-id on disk...
         Starting Create Volatile Files and Directories...
[[0;32m  OK  [0m] Started Dispatch Password Requests to Console Directory Watch.
[[0;32m  OK  [0m] Started Run snappy firstboot setup.
[[0;32m  OK  [0m] Started Tell Plymouth To Write Out Runtime Data.
[[0;1;31mFAILED[0m] Failed to start Set console font and keymap.
See 'systemctl status console-setup.service' for details.
[[0;32m  OK  [0m] Started Commit a transient machine-id on disk.
[[0;32m  OK  [0m] Started Create Volatile Files and Directories.
[[0;32m  OK  [0m] Found device /dev/ttyS0.
[[0;32m  OK  [0m] Listening on Load/Save RF Kill Switch Status /dev/rfkill Watch.
[[0;32m  OK  [0m] Reached target System Time Synchronized.
         Starting Update UTMP about System Boot/Shutdown...
[[0;32m  OK  [0m] Created slice system-getty.slice.
[[0;32m  OK  [0m] Started Update UTMP about System Boot/Shutdown.
[[0;32m  OK  [0m] Started LSB: AppArmor initialization.
[[0;32m  OK  [0m] Reached target System Initialization.
         Starting LXD - unix socket.
[[0;32m  OK  [0m] Started ACPI Events Check.
[[0;32m  OK  [0m] Listening on UUID daemon activation socket.
         Starting Socket activation for snappy daemon.
[[0;32m  OK  [0m] Started Trigger resolvconf update for networkd DNS.
[[0;32m  OK  [0m] Reached target Paths.
[[0;32m  OK  [0m] Started Daily Cleanup of Temporary Directories.
[[0;32m  OK  [0m] Listening on ACPID Listen Socket.
[[0;32m  OK  [0m] Listening on D-Bus System Message Bus Socket.
[[0;32m  OK  [0m] Started Daily apt activities.
[[0;32m  OK  [0m] Started Timer to automatically refresh installed snaps.
[[0;32m  OK  [0m] Reached target Timers.
[[0;32m  OK  [0m] Listening on LXD - unix socket.
[[0;32m  OK  [0m] Listening on Socket activation for snappy daemon.
[[0;32m  OK  [0m] Reached target Sockets.
[[0;32m  OK  [0m] Reached target Basic System.
         Starting LSB: Record successful boot for GRUB...
[[0;32m  OK  [0m] Started Deferred execution scheduler.
[[0;32m  OK  [0m] Started D-Bus System Message Bus.
[[0;32m  OK  [0m] Started FUSE filesystem for LXC.
         Starting Accounts Service...
         Starting System Logging Service...
         Starting LSB: MD monitoring daemon...
[[0;32m  OK  [0m] Started ACPI event daemon.
[[0;32m  OK  [0m] Started Snappy daemon.
         Starting Login Service...
[[0;32m  OK  [0m] Started Regular background program processing daemon.
         Starting LXD - container startup/shutdown...
[[0;32m  OK  [0m] Started System Logging Service.
[[0;32m  OK  [0m] Started LSB: Record successful boot for GRUB.
[[0;32m  OK  [0m] Started LSB: MD monitoring daemon.
         Starting Authenticate and Authorize Users to Run Privileged Tasks...
[[0;32m  OK  [0m] Started Login Service.
[[0;32m  OK  [0m] Started Authenticate and Authorize Users to Run Privileged Tasks.
[[0;32m  OK  [0m] Started LXD - container startup/shutdown.
[[0;32m  OK  [0m] Started Accounts Service.
[   51.342426] cloud-init[508]: Cloud-init v. 0.7.8 running 'init-local' at Wed, 19 Oct 2016 08:11:59 +0000. Up 51.00 seconds.
[[0;32m  OK  [0m] Started Initial cloud-init job (pre-networking).
[[0;32m  OK  [0m] Reached target Network (Pre).
         Starting Raise network interfaces...
[[0;32m  OK  [0m] Started Raise network interfaces.
[[0;32m  OK  [0m] Reached target Network.
         Starting Initial cloud-init job (metadata service crawler)...
[   52.654023] cloud-init[966]: Cloud-init v. 0.7.8 running 'init' at Wed, 19 Oct 2016 08:12:00 +0000. Up 52.06 seconds.
[   52.724418] cloud-init[966]: ci-info: +++++++++++++++++++++++++++++++++++++Net device info++++++++++++++++++++++++++++++++++++++
[[0;32m  OK  [0m] Started Initial cloud-init job (metadata service crawler).
[   52.724920] cloud-init[966]: ci-info: +--------+------+----------------------------+---------------+-------+-------------------+
[   52.748518] cloud-init[966]: ci-info: | Device |  Up  |          Address           |      Mask     | Scope |     Hw-Address    |
[   52.748772] cloud-init[966]: ci-info: +--------+------+----------------------------+---------------+-------+-------------------+
[[0;32m  OK  [0m] Reached target Cloud-config availability.
[[0;32m  OK  [0m] Reached target Network is Online.
[   52.748913] cloud-init[966]: ci-info: |   lo   | True |         127.0.0.1          |   255.0.0.0   |   .   |         .         |
[   52.819370] cloud-init[966]: ci-info: |   lo   | True |          ::1/128           |       .       |  host |         .         |
[   52.819515] cloud-init[966]: ci-info: | enp0s3 | True |         10.0.2.15          | 255.255.255.0 |   .   | 02:3b:10:fe:82:8d |
         Starting Pollinate to seed the pseudo random number generator...
[   52.819637] cloud-init[966]: ci-info: | enp0s3 | True | fe80::3b:10ff:fefe:828d/64 |       .       |  link | 02:3b:10:fe:82:8d |
[   52.921762] cloud-init[966]: ci-info: +--------+------+----------------------------+---------------+-------+-------------------+
[   52.922058] cloud-init[966]: ci-info: +++++++++++++++++++++++++++Route IPv4 info++++++++++++++++++++++++++++
         Starting /etc/rc.local Compatibility...
[   52.922199] cloud-init[966]: ci-info: +-------+-------------+----------+---------------+-----------+-------+
[   53.006803] cloud-init[966]: ci-info: | Route | Destination | Gateway  |    Genmask    | Interface | Flags |
[   53.038616] cloud-init[966]: ci-info: +-------+-------------+----------+---------------+-----------+-------+
         Starting iSCSI initiator daemon (iscsid)...
[   53.039213] cloud-init[966]: ci-info: |   0   |   0.0.0.0   | 10.0.2.2 |    0.0.0.0    |   enp0s3  |   UG  |
[   53.059937] cloud-init[966]: ci-info: |   1   |   10.0.2.0  | 0.0.0.0  | 255.255.255.0 |   enp0s3  |   U   |
[   53.060247] cloud-init[966]: ci-info: +-------+-------------+----------+---------------+-----------+-------+
         Starting Apply the settings specified in cloud-config...
[   53.060383] cloud-init[966]: Generating public/private rsa key pair.
[   53.120963] cloud-init[966]: Your identification has been saved in /etc/ssh/ssh_host_rsa_key.
[   53.121176] cloud-init[966]: Your public key has been saved in /etc/ssh/ssh_host_rsa_key.pub.
[[0;32m  OK  [0m] Started /etc/rc.local Compatibility.
[   53.121305] cloud-init[966]: The key fingerprint is:
[   53.130832] cloud-init[966]: SHA256:FDxsQHC7KbDSDQoy0tLiNwlV6maDcyr6tRKJjUGXdRY root@ubuntu-xenial
[   53.146983] cloud-init[966]: The key's randomart image is:
[   53.176360] cloud-init[966]: +---[RSA 2048]----+
[   53.176779] cloud-init[966]: |   .==+Eo        |
[[0;32m  OK  [0m] Started iSCSI initiator daemon (iscsid).
[   53.176915] cloud-init[966]: | +.o..o.=.       |
[   53.190284] cloud-init[966]: |O.*.  ....       |
[   53.191341] cloud-init[966]: |**+=.  +         |
[   53.191697] cloud-init[966]: |oOo@o o S        |
[   53.191839] cloud-init[966]: |o.@ o.           |
[   53.191987] cloud-init[966]: |.. ..            |
[[0;32m  OK  [0m] Started Pollinate to seed the pseudo random number generator.
[   53.192297] cloud-init[966]: |o .. .           |
[   53.220321] cloud-init[966]: |.....            |
[   53.232911] cloud-init[966]: +----[SHA256]-----+
[   53.232981] cloud-init[966]: Generating public/private dsa key pair.
         Starting OpenBSD Secure Shell server...
[   53.233299] cloud-init[966]: Your identification has been saved in /etc/ssh/ssh_host_dsa_key.
[   53.340345] cloud-init[966]: Your public key has been saved in /etc/ssh/ssh_host_dsa_key.pub.
[   53.340563] cloud-init[966]: The key fingerprint is:
         Starting Login to default iSCSI targets...
[   53.340658] cloud-init[966]: SHA256:duQ6r3UF3DTPsfaC9nu+nag1VRhj57L7hgLj7eJBZdg root@ubuntu-xenial
[   53.448311] cloud-init[966]: The key's randomart image is:
[   53.448530] cloud-init[966]: +---[DSA 1024]----+
[[0;32m  OK  [0m] Started OpenBSD Secure Shell server.
[   53.448622] cloud-init[966]: |              *..|
[   53.516656] cloud-init[966]: |           + + Xo|
[   53.544364] cloud-init[966]: |          o E +o=|
[   53.544651] cloud-init[966]: |         o o o.oo|
[[0;32m  OK  [0m] Started Login to default iSCSI targets.
[   53.544788] cloud-init[966]: |        S + o +..|
[   53.580540] cloud-init[966]: |       . +o. o.o |
[   53.580749] cloud-init[966]: |        o.o+.oo. |
[[0;32m  OK  [0m] Reached target Remote File Systems (Pre).
[[   53.580887] cloud-init[966]: |         +oo+ +o=|
[   53.586847] cloud-init[966]: |        .oo+oo.*=|
[   53.586919] cloud-init[966]: +----[SHA256]-----+
[   53.587054] cloud-init[966]: Generating public/private ecdsa key pair.
[   53.587200] cloud-init[966]: Your identification has been saved in /etc/ssh/ssh_host_ecdsa_key.
[   53.587353] cloud-init[966]: Your public key has been saved in /etc/ssh/ssh_host_ecdsa_key.pub.
[   53.587494] cloud-init[966]: The key fingerprint is:
[   53.587637] cloud-init[966]: SHA256:DPTpo8VNncj72ODMutq7ZJzgQA6SWcqf38nGEsHHl2E root@ubuntu-xenial
[   53.587781] cloud-init[966]: The key's randomart image is:
[   53.587928] cloud-init[966]: +---[ECDSA 256]---+
[   53.588237] cloud-init[966]: |  .   .  E       |
[   53.588373] cloud-init[966]: |.=  .....ooo .   |
[   53.588514] cloud-init[966]: |=.. .o.ooo+ o    |
[   53.588659] cloud-init[966]: | ..+. o=.o .     |
[0;32m  OK  [0m] Reached target Remote File Systems.
[   53.588691] cloud-init[966]: |   oo.. S +      |
[   53.622592] cloud-init[966]: |    .o==.* =     |
[   53.631768] cloud-init[966]: |     oo*= = o    |
[   53.633930] cloud-init[966]: |      o+ .       |
[   53.636060] cloud-init[966]: |      ..*+       |
[   53.638100] cloud-init[966]: +----[SHA256]-----+
[   53.640130] cloud-init[966]: Generating public/private ed25519 key pair.
[   53.688520] cloud-init[966]: Your identification has been saved in /etc/ssh/ssh_host_ed25519_key.
[   53.688765] cloud-init[966]: Your public key has been saved in /etc/ssh/ssh_host_ed25519_key.pub.
         Starting LSB: automatic crash report generation...
[   53.688878] cloud-init[966]: The key fingerprint is:
[   53.831169] cloud-init[966]: SHA256:0oLDc6wzg2xZFFqWqqrieGORi/YKRAq3oJ602O7LBDA root@ubuntu-xenial
[   53.831554] cloud-init[966]: The key's randomart image is:
         Starting LSB: VirtualBox Linux Additions...
[   53.831674] cloud-init[966]: +--[ED25519 256]--+
[   53.890257] cloud-init[966]: |    +.           |
[   53.891249] cloud-init[966]: |   +..           |
[   53.892269] cloud-init[966]: |E.o..            |
[   53.893227] cloud-init[966]: |*+.+ o .         |
[   53.895304] cloud-init[966]: |++..* = S        |
[   53.899885] cloud-init[966]: |*+=+ = o         |
         Starting Permit User Sessions...
         Starting LSB: daemon to balance interrupts for SMP systems...
         Starting LSB: Set the CPU Frequency Scaling governor to "ondemand"...
[[0;32m  OK  [0m] Started Permit User Sessions.
[   53.903125] cloud-init[966]: |+=Bo=            |
[   53.910091] cloud-init[966]: |**=  +           |
[   53.912337] cloud-init[966]: |B*B+             |
[   53.920073] cloud-init[966]: +----[SHA256]-----+
         Starting Hold until boot process finishes up...
         Starting Terminate Plymouth Boot Screen...
[[0;32m  OK  [0m] Started LSB: automatic crash report generation.
[[0;32m  OK  [0m] Started LSB: VirtualBox Linux Additions.
[[0;32m  OK  [0m] Started Hold until boot process finishes up.
[[0;32m  OK  [0m] Started Terminate Plymouth Boot Screen.
[   53.978817] cloud-init[1093]: Generating locales (this might take a while)...
[[0;32m  OK  [0m] Started LSB: Set the CPU Frequency Scaling governor to "ondemand".
[[0;32m  OK  [0m] Started LSB: daemon to balance interrupts for SMP systems.
         Starting Set console scheme...
[[0;32m  OK  [0m] Started Serial Getty on ttyS0.
[[0;32m  OK  [0m] Started Getty on tty1.
[[0;32m  OK  [0m] Reached target Login Prompts.
[[0;32m  OK  [0m] Reached target Multi-User System.
[[0;32m  OK  [0m] Reached target Graphical Interface.
         Starting Update UTMP about System Runlevel Changes...
         Starting Notify bootloader that boot was successful...
[[0;32m  OK  [0m] Started Set console scheme.
[[0;32m  OK  [0m] Started Update UTMP about System Runlevel Changes.
[[0;32m  OK  [0m] Started Notify bootloader that boot was successful.
[   54.484067] cloud-init[1093]:   en_US.UTF-8... done
[   54.520455] cloud-init[1093]: Generation complete.
         Stopping OpenBSD Secure Shell server...
[[0;32m  OK  [0m] Stopped OpenBSD Secure Shell server.
         Starting OpenBSD Secure Shell server...
[[0;32m  OK  [0m] Started OpenBSD Secure Shell server.
[[0;32m  OK  [0m] Created slice User Slice of ubuntu.
         Starting User Manager for UID 1000...
[[0;32m  OK  [0m] Started Session 1 of user ubuntu.
[[0;32m  OK  [0m] Started User Manager for UID 1000.
[   54.925954] cloud-init[1093]: Cloud-init v. 0.7.8 running 'modules:config' at Wed, 19 Oct 2016 08:12:01 +0000. Up 53.43 seconds.
[[0;32m  OK  [0m] Started Apply the settings specified in cloud-config.
         Starting Execute cloud user/final scripts...
ci-info: no authorized ssh keys fingerprints found for user ubuntu.
<14>Oct 19 08:12:04 ec2: 
<14>Oct 19 08:12:04 ec2: #############################################################
<14>Oct 19 08:12:04 ec2: -----BEGIN SSH HOST KEY FINGERPRINTS-----
<14>Oct 19 08:12:04 ec2: 1024 SHA256:duQ6r3UF3DTPsfaC9nu+nag1VRhj57L7hgLj7eJBZdg root@ubuntu-xenial (DSA)
<14>Oct 19 08:12:04 ec2: 256 SHA256:DPTpo8VNncj72ODMutq7ZJzgQA6SWcqf38nGEsHHl2E root@ubuntu-xenial (ECDSA)
<14>Oct 19 08:12:04 ec2: 256 SHA256:0oLDc6wzg2xZFFqWqqrieGORi/YKRAq3oJ602O7LBDA root@ubuntu-xenial (ED25519)
<14>Oct 19 08:12:04 ec2: 2048 SHA256:FDxsQHC7KbDSDQoy0tLiNwlV6maDcyr6tRKJjUGXdRY root@ubuntu-xenial (RSA)
<14>Oct 19 08:12:04 ec2: -----END SSH HOST KEY FINGERPRINTS-----
<14>Oct 19 08:12:04 ec2: #############################################################
-----BEGIN SSH HOST KEY KEYS-----
ecdsa-sha2-nistp256 AAAAE2VjZHNhLXNoYTItbmlzdHAyNTYAAAAIbmlzdHAyNTYAAABBBCbOG7XM1pnb6+trK4DaWwGgAxP4TuRQho4R1zh4tEnwCxJIaDxvkchdLx6V6QRwZrgEmvIsXrYSNA3oUdTj7Bc= root@ubuntu-xenial
ssh-ed25519 AAAAC3NzaC1lZDI1NTE5AAAAIJAHUxEaWkrbk6UP3yzoY7rM1gUJMjXziEcS/fJ1tYgy root@ubuntu-xenial
ssh-rsa AAAAB3NzaC1yc2EAAAADAQABAAABAQDVmiCJyeuHjLpeBZcbQHi1ejbtyypmzMrQg+7/OUApUQpYcosgQ6DnlOz7axXpmYvkeeiPjZfnZTnSsU6otdZ7zmkfn2sSr4p0FVOAreZJBDC17A6KHIhU/AmHDS629j44pkwWiiX7HcdYhJrsCEOinE8Xyjme1j4NRKACIo4kl1MkqX7fFit1hEv3humMJK5KL9AI+ZmGVSYjZiM1pVB8YL7w56lp7ownSP7UdQC7te8rGDSHZ07NABhrkItE69imakcvUwfMsg5ZGvBu/B/T2ZjGzN7GUIKuaa5keUB/sCIMwNsxyOV7V8h3YDuHw+KxFAzkX2s2bEMOVGA44vZL root@ubuntu-xenial
-----END SSH HOST KEY KEYS-----
[   55.922432] cloud-init[1326]: Cloud-init v. 0.7.8 running 'modules:final' at Wed, 19 Oct 2016 08:12:03 +0000. Up 55.56 seconds.
[   55.996785] cloud-init[1326]: ci-info: no authorized ssh keys fingerprints found for user ubuntu.
[   55.997297] cloud-init[1326]: Cloud-init v. 0.7.8 finished at Wed, 19 Oct 2016 08:12:04 +0000. Datasource DataSourceNoCloud [seed=/dev/sdb][dsmode=net].  Up 55.91 seconds
[[0;32m  OK  [0m] Started Execute cloud user/final scripts.
[[0;32m  OK  [0m] Reached target Cloud-init target.

Ubuntu 16.04.1 LTS ubuntu-xenial ttyS0

ubuntu-xenial login: 